<?xml version="1.0" encoding="UTF-8"?>
<testsuite name="myRobot.AppTest" tests="1" skipped="0" failures="0" errors="0" timestamp="2018-12-06T09:12:25" hostname="LAPTOP-0J5PBFT2" time="0.003">
  <properties/>
  <testcase name="testAppHasAGreeting" classname="myRobot.AppTest" time="0.003"/>
  <system-out><![CDATA[]]></system-out>
  <system-err><![CDATA[]]></system-err>
</testsuite>
